%!PS-Adobe-2.0
%
% Wireshark - Network traffic analyzer
% By Gerald Combs <gerald@wireshark.org>
% Copyright 1998 Gerald Combs
%
%%Creator: Wireshark
%%Title: Wireshark output
%%DocumentFonts: Helvetica Monaco
%%EndComments
%!

%
% Ghostscript http://ghostscript.com/ can convert postscript to pdf files.
%
% To convert this postscript file to pdf, type (for US letter format):
% ps2pdf filename.ps
%
% or (for A4 format):
% ps2pdf -sPAPERSIZE=a4 filename.ps
%
% ... and of course replace filename.ps by your current filename.
%
% The pdfmark's below will help converting to a pdf file, and have no
% effect when printing the postscript directly.
% 

%   This line is necessary if the file should be printable, and not just used
%   for distilling into PDF:
%
/pdfmark where {pop} {userdict /pdfmark /cleartomark load put} ifelse
%
%   This tells PDF viewers to display bookmarks when the document is opened:
%
[/PageMode /UseOutlines /DOCVIEW pdfmark

% Get the Imagable Area of the page
clippath pathbbox

% Set vmax to the vertical size of the page,
% hmax to the horizontal size of the page.
/vmax exch def
/hmax exch def
pop pop		% junk

% 1/2-inch margins
/lmargin 36 def					% left margin
/tmargin vmax 56 sub def		% top margin
/bmargin 36 def					% bottom margin
/pagenumtab hmax 36 sub def		% right margin

% Counters
/thispagenum 1 def

% Strings
/pagenostr 7 string def


/formfeed {
	printpagedecorations
	showpage
	
	% we need a new current point after showpage is done
	lmargin		% X
	vpos 		% Y
	moveto
	/vpos tmargin def
} def

% Prints text with possible indenting
/putline_single {
	exch 10 mul lmargin add		% X
	vpos 						% Y
	moveto
	show

	/vpos vpos 10 sub def

	vpos 5 sub bmargin le 		% is vpos <= bottom margin?
	{
		formfeed
	}
	if							% then formfeed and start at top
} def


% Prints text with possible indenting and line wrap
/putline {
	/text exch def
	/indent exch def
	
	% wrapat = width / sizeof font (remember: monospaced font)
	/pagewidth pagenumtab lmargin sub def
	/cwidth (A) stringwidth pop def
	/wrapat pagewidth cwidth div cvi def
		
	text length wrapat le {
		% print line
		indent text 0 text length getinterval putline_single
	}{
		% print the lines first part
		indent text 0 wrapat getinterval putline_single
		% print wrapped rest
		indent text wrapat text length wrapat sub getinterval putline
	}
	ifelse
} def


% Prints the page number at the top right
/printpagedecorations {
	gsave
		% Set the font to 8 point
		/Helvetica findfont 8 scalefont setfont

		% title
		lmargin						% X
		vmax 36 sub					% Y
		moveto
		ws_pagetitle show

		% this page number
		pagenumtab (Page ) stringwidth pop sub thispagenum pagenostr cvs stringwidth pop sub 		% X
		vmax 36 sub					% Y
		moveto
		(Page ) show
		thispagenum pagenostr cvs show

		% thispagenum++
		/thispagenum thispagenum 1 add def
		
		% line at top of page
		lmargin						% X
		vmax 38 sub					% Y
		moveto
		
		pagenumtab					% X
		vmax 38 sub					% Y
		lineto
		stroke
		
		% line at bottom of page
		lmargin						% X
		bmargin						% Y
		moveto
		
		pagenumtab					% X
		bmargin						% Y
		lineto
		stroke
		
	grestore
} def
	
% Reset the vertical position
/vpos tmargin def

% Set the font to 8 point
/Monaco findfont 8 scalefont setfont

%% the page title
/ws_pagetitle (Jonah Brooks 04/10/2012 Homework 1) def

45 (Jonah Brooks) putline
45 (04/10/2012) putline
45 (Homework 1) putline

0 (1. ARP, DHCP, DNS, HTTP, ICMPv6, IGMP, MDNS, NTP, SSDP, TCP) putline
0 () putline
0 (2. Around 0.2 seconds) putline
0 () putline
0 (3. The server to which I sent the HTTP request is at 128.119.245.12) putline
1 (My IP address \(as listed by wireshark\) is 192.168.1.110) putline
0 () putline
0 (4.) putline
0 () putline
0 () putline

0 (No.     Time        Source                Destination           Protocol Info) putline
[/Dest /__frame63__ /Title (     63 5.437345    192.168.1.110         128.119.245.12        HTTP     GET /wireshark-labs/INTRO-wireshark-file1.html HTTP/1.1 )   /OUT pdfmark
[/View [/XYZ -4 currentpoint matrix currentmatrix matrix defaultmatrix
matrix invertmatrix matrix concatmatrix transform exch pop 20 add null]
/Dest /__frame63__ /DEST pdfmark
0 (     63 5.437345    192.168.1.110         128.119.245.12        HTTP     GET /wireshark-labs/INTRO-wireshark-file1.html HTTP/1.1 ) putline
0 () putline
0 (Frame 63: 512 bytes on wire \(4096 bits\), 512 bytes captured \(4096 bits\)) putline
0 (Ethernet II, Src: HewlettP_16:ca:45 \(10:1f:74:16:ca:45\), Dst: Cisco-Li_42:d2:df \(68:7f:74:42:d2:df\)) putline
0 (Internet Protocol, Src: 192.168.1.110 \(192.168.1.110\), Dst: 128.119.245.12 \(128.119.245.12\)) putline
0 (Transmission Control Protocol, Src Port: 40420 \(40420\), Dst Port: http \(80\), Seq: 1, Ack: 1, Len: 446) putline
0 (Hypertext Transfer Protocol) putline
1 (GET /wireshark-labs/INTRO-wireshark-file1.html HTTP/1.1\\r\\n) putline
1 (Host: gaia.cs.umass.edu\\r\\n) putline
1 (User-Agent: Mozilla/5.0 \(X11; Ubuntu; Linux i686; rv:11.0\) Gecko/20100101 Firefox/11.0\\r\\n) putline
1 (Accept: text/html,application/xhtml+xml,application/xml;q=0.9,*/*;q=0.8\\r\\n) putline
1 (Accept-Language: en-us,en;q=0.5\\r\\n) putline
1 (Accept-Encoding: gzip, deflate\\r\\n) putline
1 (Connection: keep-alive\\r\\n) putline
1 (If-Modified-Since: Sat, 07 Apr 2012 22:01:01 GMT\\r\\n) putline
1 (If-None-Match: "8734b-51-e89ac140"\\r\\n) putline
1 (Cache-Control: max-age=0\\r\\n) putline
1 (\\r\\n) putline

0 () putline
0 () putline
0 () putline

0 (No.     Time        Source                Destination           Protocol Info) putline
[/Dest /__frame65__ /Title (     65 5.633541    128.119.245.12        192.168.1.110         HTTP     HTTP/1.1 200 OK  \(text/html\))   /OUT pdfmark
[/View [/XYZ -4 currentpoint matrix currentmatrix matrix defaultmatrix
matrix invertmatrix matrix concatmatrix transform exch pop 20 add null]
/Dest /__frame65__ /DEST pdfmark
0 (     65 5.633541    128.119.245.12        192.168.1.110         HTTP     HTTP/1.1 200 OK  \(text/html\)) putline
0 () putline
0 (Frame 65: 446 bytes on wire \(3568 bits\), 446 bytes captured \(3568 bits\)) putline
0 (Ethernet II, Src: Cisco-Li_42:d2:df \(68:7f:74:42:d2:df\), Dst: HewlettP_16:ca:45 \(10:1f:74:16:ca:45\)) putline
0 (Internet Protocol, Src: 128.119.245.12 \(128.119.245.12\), Dst: 192.168.1.110 \(192.168.1.110\)) putline
0 (Transmission Control Protocol, Src Port: http \(80\), Dst Port: 40420 \(40420\), Seq: 1, Ack: 447, Len: 380) putline
0 (Hypertext Transfer Protocol) putline
1 (HTTP/1.1 200 OK\\r\\n) putline
1 (Date: Sat, 07 Apr 2012 22:02:51 GMT\\r\\n) putline
1 (Server: Apache/2.2.3 \(CentOS\)\\r\\n) putline
1 (Last-Modified: Sat, 07 Apr 2012 22:02:01 GMT\\r\\n) putline
1 (ETag: "8734b-51-ec2e4840"\\r\\n) putline
1 (Accept-Ranges: bytes\\r\\n) putline
1 (Content-Length: 81\\r\\n) putline
1 (Keep-Alive: timeout=10, max=100\\r\\n) putline
1 (Connection: Keep-Alive\\r\\n) putline
1 (Content-Type: text/html; charset=UTF-8\\r\\n) putline
1 (\\r\\n) putline
0 (Line-based text data: text/html) putline

printpagedecorations
showpage

%%EOF

